2025-11-01 17:08:49,639 - INFO - AdvancedTrainer initialized (device: cpu)
2025-11-01 17:08:49,639 - INFO - ======================================================================
2025-11-01 17:08:49,639 - INFO - STARTING EXTENDED PPO TRAINING
2025-11-01 17:08:49,639 - INFO - ======================================================================
2025-11-01 17:08:49,639 - INFO - Total timesteps: 300,000
2025-11-01 17:08:49,639 - INFO - Parallel environments: 1
2025-11-01 17:08:49,639 - INFO - Device: cpu
2025-11-01 17:08:49,639 - INFO - Hyperparameters: {'learning_rate': 0.0003, 'n_steps': 2048, 'batch_size': 64, 'n_epochs': 10, 'gamma': 0.99, 'gae_lambda': 0.95, 'clip_range': 0.2}
2025-11-01 17:08:49,675 - INFO - Starting training loop...
2025-11-01 17:34:02,498 - INFO - [OK] Training completed successfully
2025-11-01 17:34:02,500 - INFO - Training time: 0:25:12.824410
2025-11-01 17:34:02,520 - INFO - [OK] Final model saved: ./models/ppo_extended_20251101_173402
2025-11-01 17:34:46,287 - INFO - AdvancedTrainer initialized (device: cpu)
2025-11-01 17:34:46,292 - INFO - ======================================================================
2025-11-01 17:34:46,292 - INFO - DETAILED EVALUATION
2025-11-01 17:34:46,292 - INFO - ======================================================================
2025-11-01 17:34:46,452 - INFO - Episode  1: R=  83.92, T=100, D=13369.10, Tasks=510
2025-11-01 17:34:46,568 - INFO - Episode  2: R= 593.27, T=100, D=13300.80, Tasks=996
2025-11-01 17:34:46,682 - INFO - Episode  3: R= 208.73, T=100, D=13142.60, Tasks=472
2025-11-01 17:34:46,794 - INFO - Episode  4: R= 128.47, T=100, D=12790.80, Tasks=440
2025-11-01 17:34:46,914 - INFO - Episode  5: R=-112.81, T=100, D=11850.50, Tasks=576
2025-11-01 17:34:47,040 - INFO - Episode  6: R= 433.88, T=100, D=10649.90, Tasks=749
2025-11-01 17:34:47,159 - INFO - Episode  7: R= 517.08, T=100, D=14582.60, Tasks=1475
2025-11-01 17:34:47,292 - INFO - Episode  8: R= -17.46, T=100, D=13447.50, Tasks=580
2025-11-01 17:34:47,419 - INFO - Episode  9: R=-141.74, T=100, D=13106.90, Tasks=166
2025-11-01 17:34:47,522 - INFO - Episode 10: R=  80.15, T=100, D=12925.60, Tasks=1151
2025-11-01 17:34:47,644 - INFO - Episode 11: R= 337.83, T=100, D=13897.00, Tasks=999
2025-11-01 17:34:47,760 - INFO - Episode 12: R= -86.12, T=100, D=13906.90, Tasks=465
2025-11-01 17:34:47,872 - INFO - Episode 13: R= 447.54, T=100, D=13033.40, Tasks=1068
2025-11-01 17:34:47,980 - INFO - Episode 14: R=  15.81, T=100, D=14415.20, Tasks=755
2025-11-01 17:34:48,097 - INFO - Episode 15: R= 344.18, T=100, D=12820.70, Tasks=725
2025-11-01 17:34:48,214 - INFO - Episode 16: R= 116.00, T=100, D=13814.40, Tasks=604
2025-11-01 17:34:48,352 - INFO - Episode 17: R=  74.78, T=100, D=13899.70, Tasks=284
2025-11-01 17:34:48,470 - INFO - Episode 18: R= 348.43, T=100, D=14369.50, Tasks=490
2025-11-01 17:34:48,594 - INFO - Episode 19: R=  -5.12, T=100, D=13220.20, Tasks=343
2025-11-01 17:34:48,696 - INFO - Episode 20: R=   4.60, T=100, D=14916.90, Tasks=519
2025-11-01 17:34:48,766 - INFO - 
======================================================================
2025-11-01 17:34:48,766 - INFO - EVALUATION SUMMARY
2025-11-01 17:34:48,766 - INFO - ======================================================================
2025-11-01 17:34:48,766 - INFO - num_episodes        :    20.0000
2025-11-01 17:34:48,766 - INFO - mean_reward         :   168.5712
2025-11-01 17:34:48,766 - INFO - std_reward          :   215.2890
2025-11-01 17:34:48,766 - INFO - max_reward          :   593.2742
2025-11-01 17:34:48,766 - INFO - min_reward          :  -141.7450
2025-11-01 17:34:48,766 - INFO - mean_length         :   100.0000
2025-11-01 17:34:48,766 - INFO - mean_delay          : 13373.0100
2025-11-01 17:34:48,766 - INFO - mean_tasks          :   668.3500
2025-11-01 17:34:48,766 - INFO - success_rate        :     0.7500
2025-11-01 17:34:48,766 - INFO - [OK] Stats saved: ./training_logs/eval_stats_20251101_173448.json
2025-11-01 17:39:47,635 - INFO - AdvancedTrainer initialized (device: cpu)
2025-11-01 17:39:47,635 - INFO - ======================================================================
2025-11-01 17:39:47,635 - INFO - DETAILED EVALUATION
2025-11-01 17:39:47,635 - INFO - ======================================================================
2025-11-01 17:39:47,828 - INFO - Episode  1: R=  83.92, T=100, D=13369.10, Tasks=510
2025-11-01 17:39:47,948 - INFO - Episode  2: R= 593.27, T=100, D=13300.80, Tasks=996
2025-11-01 17:39:48,107 - INFO - Episode  3: R= 208.73, T=100, D=13142.60, Tasks=472
2025-11-01 17:39:48,406 - INFO - Episode  4: R= 128.47, T=100, D=12790.80, Tasks=440
2025-11-01 17:39:48,597 - INFO - Episode  5: R=-112.81, T=100, D=11850.50, Tasks=576
2025-11-01 17:39:48,786 - INFO - Episode  6: R= 433.88, T=100, D=10649.90, Tasks=749
2025-11-01 17:39:49,003 - INFO - Episode  7: R= 517.08, T=100, D=14582.60, Tasks=1475
2025-11-01 17:39:49,184 - INFO - Episode  8: R= -17.46, T=100, D=13447.50, Tasks=580
2025-11-01 17:39:49,334 - INFO - Episode  9: R=-141.74, T=100, D=13106.90, Tasks=166
2025-11-01 17:39:49,444 - INFO - Episode 10: R=  80.15, T=100, D=12925.60, Tasks=1151
2025-11-01 17:39:49,574 - INFO - Episode 11: R= 337.83, T=100, D=13897.00, Tasks=999
2025-11-01 17:39:49,684 - INFO - Episode 12: R= -86.12, T=100, D=13906.90, Tasks=465
2025-11-01 17:39:49,787 - INFO - Episode 13: R= 447.54, T=100, D=13033.40, Tasks=1068
2025-11-01 17:39:49,897 - INFO - Episode 14: R=  15.81, T=100, D=14415.20, Tasks=755
2025-11-01 17:39:50,036 - INFO - Episode 15: R= 344.18, T=100, D=12820.70, Tasks=725
2025-11-01 17:39:50,151 - INFO - Episode 16: R= 116.00, T=100, D=13814.40, Tasks=604
2025-11-01 17:39:50,258 - INFO - Episode 17: R=  74.78, T=100, D=13899.70, Tasks=284
2025-11-01 17:39:50,396 - INFO - Episode 18: R= 348.43, T=100, D=14369.50, Tasks=490
2025-11-01 17:39:50,504 - INFO - Episode 19: R=  -5.12, T=100, D=13220.20, Tasks=343
2025-11-01 17:39:50,618 - INFO - Episode 20: R=   4.60, T=100, D=14916.90, Tasks=519
2025-11-01 17:39:50,619 - INFO - 
======================================================================
2025-11-01 17:39:50,619 - INFO - EVALUATION SUMMARY
2025-11-01 17:39:50,619 - INFO - ======================================================================
2025-11-01 17:39:50,619 - INFO - num_episodes        :    20.0000
2025-11-01 17:39:50,619 - INFO - mean_reward         :   168.5712
2025-11-01 17:39:50,619 - INFO - std_reward          :   215.2890
2025-11-01 17:39:50,619 - INFO - max_reward          :   593.2742
2025-11-01 17:39:50,621 - INFO - min_reward          :  -141.7450
2025-11-01 17:39:50,621 - INFO - mean_length         :   100.0000
2025-11-01 17:39:50,621 - INFO - mean_delay          : 13373.0100
2025-11-01 17:39:50,621 - INFO - mean_tasks          :   668.3500
2025-11-01 17:39:50,621 - INFO - success_rate        :     0.7500
2025-11-01 17:39:50,621 - INFO - [OK] Stats saved: ./training_logs/eval_stats_20251101_173950.json
2025-11-02 00:21:17,685 - INFO - AdvancedTrainer initialized (device: cpu)
2025-11-02 00:21:17,685 - INFO - ======================================================================
2025-11-02 00:21:17,685 - INFO - STARTING EXTENDED DQN TRAINING
2025-11-02 00:21:17,688 - INFO - ======================================================================
2025-11-02 00:21:17,688 - INFO - Total timesteps: 300,000
2025-11-02 00:21:17,688 - INFO - Parallel environments: 1
2025-11-02 00:21:17,688 - INFO - Device: cpu
2025-11-02 00:21:17,692 - INFO - Hyperparameters: {'learning_rate': 0.0001, 'buffer_size': 1000000, 'learning_starts': 1000, 'batch_size': 32, 'gamma': 0.99}
2025-11-02 00:21:40,939 - INFO - AdvancedTrainer initialized (device: cpu)
2025-11-02 00:21:40,939 - INFO - ======================================================================
2025-11-02 00:21:40,939 - INFO - STARTING EXTENDED A2C TRAINING
2025-11-02 00:21:40,939 - INFO - ======================================================================
2025-11-02 00:21:40,939 - INFO - Total timesteps: 300,000
2025-11-02 00:21:40,939 - INFO - Parallel environments: 1
2025-11-02 00:21:40,939 - INFO - Device: cpu
2025-11-02 00:21:40,944 - INFO - Hyperparameters: {'learning_rate': 0.0007, 'n_steps': 5, 'gamma': 0.99, 'gae_lambda': 0.95}
2025-11-02 00:21:41,059 - INFO - Starting training loop...
2025-11-02 00:49:32,725 - INFO - [OK] Training completed successfully
2025-11-02 00:49:32,726 - INFO - Training time: 0:27:51.666270
2025-11-02 00:49:32,750 - INFO - [OK] Final model saved: ./models/a2c_extended_20251102_004932
2025-11-02 00:49:47,315 - INFO - AdvancedTrainer initialized (device: cpu)
2025-11-02 00:49:47,315 - INFO - ======================================================================
2025-11-02 00:49:47,315 - INFO - DETAILED EVALUATION
2025-11-02 00:49:47,315 - INFO - ======================================================================
2025-11-02 00:49:47,482 - INFO - Episode  1: R=  15.88, T=100, D=13149.90, Tasks=198
2025-11-02 00:49:47,613 - INFO - Episode  2: R= 104.90, T=100, D=12683.50, Tasks=679
2025-11-02 00:49:47,748 - INFO - Episode  3: R= 137.29, T=100, D=12755.90, Tasks=762
2025-11-02 00:49:47,862 - INFO - Episode  4: R= 212.12, T=100, D=12635.00, Tasks=199
2025-11-02 00:49:47,979 - INFO - Episode  5: R=-452.08, T=100, D=11615.00, Tasks=  0
2025-11-02 00:49:48,111 - INFO - Episode  6: R=-268.61, T=100, D=13635.00, Tasks=  0
2025-11-02 00:49:48,198 - INFO - Episode  7: R=-121.28, T=100, D=14140.00, Tasks=  0
2025-11-02 00:49:48,315 - INFO - Episode  8: R=  -3.22, T=100, D=14150.00, Tasks=199
2025-11-02 00:49:48,434 - INFO - Episode  9: R=-369.00, T=100, D=12953.00, Tasks=518
2025-11-02 00:49:48,531 - INFO - Episode 10: R=-192.49, T=100, D=14767.20, Tasks=669
2025-11-02 00:49:48,645 - INFO - Episode 11: R=-346.05, T=100, D=14002.20, Tasks=648
2025-11-02 00:49:48,783 - INFO - Episode 12: R=-125.73, T=100, D=14865.00, Tasks=425
2025-11-02 00:49:48,897 - INFO - Episode 13: R=-107.95, T=100, D=12187.90, Tasks=291
2025-11-02 00:49:49,020 - INFO - Episode 14: R= 151.94, T=100, D=12169.00, Tasks=294
2025-11-02 00:49:49,132 - INFO - Episode 15: R=-215.02, T=100, D=13159.70, Tasks=394
2025-11-02 00:49:49,252 - INFO - Episode 16: R= -40.58, T=100, D=13294.70, Tasks=358
2025-11-02 00:49:49,365 - INFO - Episode 17: R=-428.73, T=100, D=14740.50, Tasks= 90
2025-11-02 00:49:49,480 - INFO - Episode 18: R=-243.13, T=100, D=12159.40, Tasks= 96
2025-11-02 00:49:49,621 - INFO - Episode 19: R= 167.08, T=100, D=13216.40, Tasks=863
2025-11-02 00:49:49,730 - INFO - Episode 20: R= 151.12, T=100, D=11842.50, Tasks=619
2025-11-02 00:49:49,730 - INFO - 
======================================================================
2025-11-02 00:49:49,730 - INFO - EVALUATION SUMMARY
2025-11-02 00:49:49,730 - INFO - ======================================================================
2025-11-02 00:49:49,730 - INFO - num_episodes        :    20.0000
2025-11-02 00:49:49,730 - INFO - mean_reward         :   -98.6772
2025-11-02 00:49:49,730 - INFO - std_reward          :   206.9617
2025-11-02 00:49:49,730 - INFO - max_reward          :   212.1152
2025-11-02 00:49:49,730 - INFO - min_reward          :  -452.0842
2025-11-02 00:49:49,730 - INFO - mean_length         :   100.0000
2025-11-02 00:49:49,730 - INFO - mean_delay          : 13206.0900
2025-11-02 00:49:49,730 - INFO - mean_tasks          :   365.1000
2025-11-02 00:49:49,730 - INFO - success_rate        :     0.3500
2025-11-02 00:49:49,730 - INFO - [OK] Stats saved: ./training_logs/eval_stats_20251102_004949.json
2025-11-02 00:50:20,294 - INFO - AdvancedTrainer initialized (device: cpu)
2025-11-02 00:50:20,294 - INFO - ======================================================================
2025-11-02 00:50:20,294 - INFO - STARTING EXTENDED DQN TRAINING
2025-11-02 00:50:20,294 - INFO - ======================================================================
2025-11-02 00:50:20,294 - INFO - Total timesteps: 300,000
2025-11-02 00:50:20,294 - INFO - Parallel environments: 1
2025-11-02 00:50:20,294 - INFO - Device: cpu
2025-11-02 00:50:20,294 - INFO - Hyperparameters: {'learning_rate': 0.0001, 'buffer_size': 1000000, 'learning_starts': 1000, 'batch_size': 32, 'gamma': 0.99}
2025-11-02 01:13:33,559 - INFO - AdvancedTrainer initialized (device: cpu)
2025-11-02 01:13:33,559 - WARNING - ⚠️  DQN requires Discrete action space
2025-11-02 01:13:33,559 - WARNING -    Your environment has MultiDiscrete([10, 3, 30])
2025-11-02 01:13:33,575 - WARNING -    Recommend: Use PPO instead
2025-11-02 01:13:33,575 - INFO -    To use DQN, you would need to modify environment.py
2025-11-02 01:17:20,772 - INFO - AdvancedTrainer initialized (device: cpu)
2025-11-02 01:17:20,772 - INFO - ======================================================================
2025-11-02 01:17:20,772 - INFO - RESUMING TRAINING FROM CHECKPOINT
2025-11-02 01:17:20,772 - INFO - ======================================================================
2025-11-02 01:17:20,772 - INFO - Loading model: ./models/ppo_extended_20251101_173402.zip
2025-11-02 01:17:20,834 - INFO - Model loaded: PPO
2025-11-02 01:17:20,834 - INFO - Additional timesteps: 300,000
2025-11-02 01:42:35,711 - INFO - [OK] Continued training completed
2025-11-02 01:42:35,711 - INFO - Training time: 0:25:14.877451
2025-11-02 01:42:35,742 - INFO - [OK] Model saved: ./models/ppo_continued_20251102_014235
2025-11-02 01:52:03,321 - INFO - AdvancedTrainer initialized (device: cpu)
2025-11-02 01:52:03,321 - INFO - ======================================================================
2025-11-02 01:52:03,321 - INFO - DETAILED EVALUATION
2025-11-02 01:52:03,321 - INFO - ======================================================================
2025-11-02 01:52:03,490 - INFO - Episode  1: R= 355.20, T=100, D=12994.80, Tasks=638
2025-11-02 01:52:03,606 - INFO - Episode  2: R=  93.31, T=100, D=14365.70, Tasks=745
2025-11-02 01:52:03,755 - INFO - Episode  3: R= -77.90, T=100, D=13547.10, Tasks=146
2025-11-02 01:52:03,872 - INFO - Episode  4: R= -13.37, T=100, D=13581.90, Tasks=122
2025-11-02 01:52:03,996 - INFO - Episode  5: R=  26.42, T=100, D=13619.70, Tasks= 35
2025-11-02 01:52:04,107 - INFO - Episode  6: R= 141.69, T=100, D=12116.20, Tasks=659
2025-11-02 01:52:04,239 - INFO - Episode  7: R= 232.97, T=100, D=14645.90, Tasks=455
2025-11-02 01:52:04,366 - INFO - Episode  8: R= 403.19, T=100, D=13315.80, Tasks=1059
2025-11-02 01:52:04,483 - INFO - Episode  9: R= 420.35, T=100, D=12587.90, Tasks=718
2025-11-02 01:52:04,610 - INFO - Episode 10: R= 394.02, T=100, D=14267.50, Tasks=799
2025-11-02 01:52:04,707 - INFO - Episode 11: R= 340.78, T=100, D=12992.50, Tasks=419
2025-11-02 01:52:04,824 - INFO - Episode 12: R= 244.87, T=100, D=13994.40, Tasks=375
2025-11-02 01:52:04,940 - INFO - Episode 13: R=  37.63, T=100, D=14274.70, Tasks=588
2025-11-02 01:52:05,076 - INFO - Episode 14: R= -40.98, T=100, D=12246.70, Tasks=458
2025-11-02 01:52:05,205 - INFO - Episode 15: R= 305.24, T=100, D=14178.50, Tasks=509
2025-11-02 01:52:05,333 - INFO - Episode 16: R= 292.16, T=100, D=14160.60, Tasks=452
2025-11-02 01:52:05,451 - INFO - Episode 17: R= -61.51, T=100, D=13078.90, Tasks=356
2025-11-02 01:52:05,564 - INFO - Episode 18: R= 124.07, T=100, D=12284.60, Tasks=884
2025-11-02 01:52:05,688 - INFO - Episode 19: R= 674.36, T=100, D=12081.90, Tasks=1057
2025-11-02 01:52:05,821 - INFO - Episode 20: R= 224.59, T=100, D=14479.00, Tasks=857
2025-11-02 01:52:05,821 - INFO - 
======================================================================
2025-11-02 01:52:05,821 - INFO - EVALUATION SUMMARY
2025-11-02 01:52:05,821 - INFO - ======================================================================
2025-11-02 01:52:05,821 - INFO - num_episodes        :    20.0000
2025-11-02 01:52:05,821 - INFO - mean_reward         :   205.8534
2025-11-02 01:52:05,821 - INFO - std_reward          :   193.0352
2025-11-02 01:52:05,821 - INFO - max_reward          :   674.3589
2025-11-02 01:52:05,821 - INFO - min_reward          :   -77.8959
2025-11-02 01:52:05,821 - INFO - mean_length         :   100.0000
2025-11-02 01:52:05,821 - INFO - mean_delay          : 13440.7150
2025-11-02 01:52:05,821 - INFO - mean_tasks          :   566.5500
2025-11-02 01:52:05,821 - INFO - success_rate        :     0.8000
2025-11-02 01:52:05,821 - INFO - [OK] Stats saved: ./training_logs/eval_stats_20251102_015205.json
2025-11-02 18:49:27,884 - INFO - AdvancedTrainer initialized (device: cpu)
2025-11-02 18:49:27,884 - INFO - ======================================================================
2025-11-02 18:49:27,884 - INFO - RESUMING TRAINING FROM CHECKPOINT
2025-11-02 18:49:27,884 - INFO - ======================================================================
2025-11-02 18:49:27,884 - INFO - Loading model: ./models/ppo_continued_20251102_014235.zip
2025-11-02 18:49:28,033 - INFO - Model loaded: PPO
2025-11-02 18:49:28,033 - INFO - Additional timesteps: 400,000
2025-11-02 19:23:46,635 - INFO - [OK] Continued training completed
2025-11-02 19:23:46,637 - INFO - Training time: 0:34:18.604362
2025-11-02 19:23:46,658 - INFO - [OK] Model saved: ./models/ppo_continued_20251102_192346
