2025-11-01 16:42:41,878 - INFO - SimpleTrainer initialized (device: cpu)
2025-11-01 16:43:43,123 - INFO - SimpleTrainer initialized (device: cpu)
2025-11-01 16:44:31,723 - INFO - SimpleTrainer initialized (device: cpu)
2025-11-01 16:44:31,723 - INFO - ======================================================================
2025-11-01 16:44:31,723 - INFO - Starting PPO Training
2025-11-01 16:44:31,723 - INFO - ======================================================================
2025-11-01 16:44:31,723 - INFO - Total timesteps: 50000
2025-11-01 16:44:31,723 - INFO - Learning rate: 0.0003
2025-11-01 16:44:31,723 - INFO - Batch size: 64
2025-11-01 16:44:31,839 - INFO - Starting learning loop...
2025-11-01 16:47:54,667 - INFO - [OK] Training completed successfully
2025-11-01 16:47:54,690 - INFO - [OK] Model saved: ./models/ppo_model_20251101_164754
2025-11-01 16:57:07,414 - INFO - SimpleTrainer initialized (device: cpu)
2025-11-01 16:57:07,414 - INFO - ======================================================================
2025-11-01 16:57:07,421 - INFO - Starting Evaluation
2025-11-01 16:57:07,421 - INFO - ======================================================================
2025-11-01 16:57:07,621 - INFO - Episode 1: R=-456.99, D=13635.00, T=0
2025-11-01 16:57:07,746 - INFO - Episode 2: R=-114.09, D=13149.90, T=297
2025-11-01 16:57:07,851 - INFO - Episode 3: R=-230.54, D=12625.00, T=0
2025-11-01 16:57:07,961 - INFO - Episode 4: R=-361.97, D=12376.50, T=495
2025-11-01 16:57:08,079 - INFO - Episode 5: R=-261.45, D=12242.20, T=376
2025-11-01 16:57:08,079 - INFO - Evaluation Results:
2025-11-01 16:57:08,080 - INFO -   mean_reward: -285.01
2025-11-01 16:57:08,080 - INFO -   std_reward: 116.82
2025-11-01 16:57:08,080 - INFO -   mean_delay: 12805.72
2025-11-01 16:57:08,080 - INFO -   mean_tasks: 233.60
2025-11-03 18:03:10,603 - INFO - SimpleTrainer initialized (device: cpu)
2025-11-03 18:04:45,293 - INFO - SimpleTrainer initialized (device: cpu)
2025-11-03 18:05:25,822 - INFO - SimpleTrainer initialized (device: cpu)
2025-11-03 18:07:28,206 - INFO - SimpleTrainer initialized (device: cpu)
2025-11-03 23:49:48,528 - INFO - SimpleTrainer initialized (device: cpu)
2025-11-03 23:52:51,470 - INFO - SimpleTrainer initialized (device: cpu)
2025-11-03 23:56:49,871 - INFO - SimpleTrainer initialized (device: cpu)
2025-11-04 00:00:18,934 - INFO - SimpleTrainer initialized (device: cpu)
2025-11-04 00:02:46,154 - INFO - SimpleTrainer initialized (device: cpu)
2025-11-04 00:05:04,413 - INFO - SimpleTrainer initialized (device: cpu)
2025-11-04 00:08:56,520 - INFO - SimpleTrainer initialized (device: cpu)
